
6월 04, 2020 23:46:41.80 NEW SESSION
6월 04, 2020 23:46:41.80 [0604/234641.693:ERROR:crash_report_database_win.cc(469)] failed to stat report
6월 04, 2020 23:52:48.40 [0604/235248.407:ERROR:crash_report_database_win.cc(469)] failed to stat report
6월 04, 2020 23:54:04.95 [0604/235404.950:ERROR:crash_report_database_win.cc(469)] failed to stat report

6월 07, 2020 17:08:18.74 NEW SESSION
6월 07, 2020 17:08:18.74 [0607/170818.747:ERROR:crash_report_database_win.cc(469)] failed to stat report
6월 07, 2020 17:09:23.43 [0607/170923.437:ERROR:crash_report_database_win.cc(469)] failed to stat report
6월 07, 2020 17:11:27.63 [0607/171127.631:ERROR:crash_report_database_win.cc(469)] failed to stat report
6월 07, 2020 17:12:46.90 [0607/171246.905:ERROR:crash_report_database_win.cc(469)] failed to stat report
6월 07, 2020 17:15:31.51 [0607/171531.514:ERROR:crash_report_database_win.cc(469)] failed to stat report
6월 07, 2020 17:21:37.17 [0607/172137.175:ERROR:crash_report_database_win.cc(469)] failed to stat report
6월 07, 2020 17:31:26.27 [0607/173126.278:ERROR:crash_report_database_win.cc(469)] failed to stat report
6월 07, 2020 17:41:26.28 [0607/174126.281:ERROR:crash_report_database_win.cc(469)] failed to stat report
6월 07, 2020 17:41:26.28 [0607/174126.281:ERROR:crash_report_database_win.cc(469)] failed to stat report
6월 07, 2020 17:43:29.78 [0607/174329.780:ERROR:crash_report_database_win.cc(469)] failed to stat report
6월 07, 2020 17:46:26.27 [0607/174626.278:ERROR:crash_report_database_win.cc(469)] failed to stat report
6월 07, 2020 17:51:12.79 [0607/175112.797:ERROR:crash_report_database_win.cc(469)] failed to stat report
6월 07, 2020 17:58:24.01 [0607/175824.010:ERROR:crash_report_database_win.cc(469)] failed to stat report
6월 07, 2020 18:01:26.27 [0607/180126.279:ERROR:crash_report_database_win.cc(469)] failed to stat report
6월 07, 2020 18:04:10.60 [0607/180410.604:ERROR:crash_report_database_win.cc(469)] failed to stat report
6월 07, 2020 18:16:26.28 [0607/181626.280:ERROR:crash_report_database_win.cc(469)] failed to stat report
6월 07, 2020 18:19:46.32 [0607/181946.327:ERROR:crash_report_database_win.cc(469)] failed to stat report
6월 07, 2020 18:23:01.02 [0607/182301.024:ERROR:crash_report_database_win.cc(469)] failed to stat report
6월 07, 2020 18:24:25.19 [0607/182425.197:ERROR:crash_report_database_win.cc(469)] failed to stat report
6월 07, 2020 18:29:54.46 [0607/182954.466:ERROR:crash_report_database_win.cc(469)] failed to stat report
6월 07, 2020 18:31:08.89 [0607/183108.897:ERROR:crash_report_database_win.cc(469)] failed to stat report
6월 07, 2020 18:36:00.32 [0607/183600.327:ERROR:crash_report_database_win.cc(469)] failed to stat report
6월 07, 2020 18:39:54.46 [0607/183954.469:ERROR:crash_report_database_win.cc(469)] failed to stat report
6월 07, 2020 18:39:54.47 [0607/183954.469:ERROR:crash_report_database_win.cc(469)] failed to stat report
6월 07, 2020 18:41:39.38 [0607/184139.385:ERROR:crash_report_database_win.cc(469)] failed to stat report
6월 07, 2020 18:42:25.77 [0607/184225.777:ERROR:crash_report_database_win.cc(469)] failed to stat report
6월 07, 2020 18:43:40.09 [0607/184340.090:ERROR:crash_report_database_win.cc(469)] failed to stat report
6월 07, 2020 18:45:41.94 [0607/184541.943:ERROR:crash_report_database_win.cc(469)] failed to stat report
6월 07, 2020 18:48:30.33 [0607/184830.332:ERROR:crash_report_database_win.cc(469)] failed to stat report
6월 07, 2020 18:49:49.29 [0607/184949.297:ERROR:crash_report_database_win.cc(469)] failed to stat report
6월 07, 2020 18:50:49.25 [0607/185049.250:ERROR:crash_report_database_win.cc(469)] failed to stat report
6월 07, 2020 18:53:40.09 [0607/185340.092:ERROR:crash_report_database_win.cc(469)] failed to stat report
6월 07, 2020 18:53:40.09 [0607/185340.092:ERROR:crash_report_database_win.cc(469)] failed to stat report
6월 07, 2020 18:54:21.89 [0607/185421.894:ERROR:crash_report_database_win.cc(469)] failed to stat report
6월 07, 2020 18:56:58.30 [0607/185658.306:ERROR:crash_report_database_win.cc(469)] failed to stat report
6월 07, 2020 19:03:44.42 [0607/190344.422:ERROR:crash_report_database_win.cc(469)] failed to stat report
6월 07, 2020 19:10:17.80 [0607/191017.807:ERROR:crash_report_database_win.cc(469)] failed to stat report
6월 07, 2020 19:12:48.90 [0607/191248.900:ERROR:crash_report_database_win.cc(469)] failed to stat report
6월 07, 2020 19:30:43.90 [0607/193043.907:ERROR:crash_report_database_win.cc(469)] failed to stat report
6월 07, 2020 19:34:15.49 [0607/193415.490:ERROR:crash_report_database_win.cc(469)] failed to stat report
6월 07, 2020 19:35:55.04 [0607/193555.049:ERROR:crash_report_database_win.cc(469)] failed to stat report
6월 07, 2020 19:47:42.15 [0607/194742.153:ERROR:crash_report_database_win.cc(469)] failed to stat report
6월 07, 2020 20:02:45.19 [0607/200245.193:ERROR:crash_report_database_win.cc(469)] failed to stat report
6월 07, 2020 20:09:41.38 [0607/200941.381:ERROR:crash_report_database_win.cc(469)] failed to stat report
6월 07, 2020 20:12:20.70 [0607/201220.703:ERROR:crash_report_database_win.cc(469)] failed to stat report

6월 07, 2020 21:36:31.68 NEW SESSION
6월 07, 2020 21:36:31.68 [0607/213631.684:ERROR:crash_report_database_win.cc(469)] failed to stat report
6월 07, 2020 21:37:51.63 [0607/213751.630:ERROR:crash_report_database_win.cc(469)] failed to stat report
6월 07, 2020 21:39:45.85 [0607/213945.851:ERROR:crash_report_database_win.cc(469)] failed to stat report
6월 07, 2020 21:41:07.56 [0607/214107.567:ERROR:crash_report_database_win.cc(469)] failed to stat report
6월 07, 2020 21:43:30.36 [0607/214330.367:ERROR:crash_report_database_win.cc(469)] failed to stat report
6월 07, 2020 21:45:02.23 [0607/214502.238:ERROR:crash_report_database_win.cc(469)] failed to stat report
6월 07, 2020 21:48:06.12 [0607/214806.126:ERROR:crash_report_database_win.cc(469)] failed to stat report
6월 07, 2020 21:50:53.16 [0607/215053.163:ERROR:crash_report_database_win.cc(469)] failed to stat report
6월 07, 2020 21:51:40.17 [0607/215140.172:ERROR:crash_report_database_win.cc(469)] failed to stat report
6월 07, 2020 22:03:01.22 [0607/220301.224:ERROR:crash_report_database_win.cc(469)] failed to stat report
6월 07, 2020 22:06:33.57 [0607/220633.575:ERROR:crash_report_database_win.cc(469)] failed to stat report
6월 07, 2020 22:09:36.61 [0607/220936.616:ERROR:crash_report_database_win.cc(469)] failed to stat report

6월 08, 2020 01:30:14.04 NEW SESSION
6월 08, 2020 01:30:14.04 [0608/013013.954:ERROR:crash_report_database_win.cc(469)] failed to stat report
6월 08, 2020 01:31:43.01 [0608/013143.012:ERROR:crash_report_database_win.cc(469)] failed to stat report
6월 08, 2020 01:39:08.56 [0608/013908.563:ERROR:crash_report_database_win.cc(469)] failed to stat report
6월 08, 2020 01:41:07.19 [0608/014107.190:ERROR:crash_report_database_win.cc(469)] failed to stat report
6월 08, 2020 01:41:14.65 [0608/014114.656:ERROR:crash_report_database_win.cc(469)] failed to stat report
6월 08, 2020 01:41:47.51 [0608/014147.517:ERROR:crash_report_database_win.cc(469)] failed to stat report
6월 08, 2020 01:42:52.31 [0608/014252.310:ERROR:crash_report_database_win.cc(469)] failed to stat report
6월 08, 2020 01:44:16.04 [0608/014416.045:ERROR:crash_report_database_win.cc(469)] failed to stat report
6월 08, 2020 02:16:49.86 [0608/021649.868:ERROR:crash_report_database_win.cc(469)] failed to stat report
6월 08, 2020 02:18:52.89 [0608/021852.891:ERROR:crash_report_database_win.cc(469)] failed to stat report
6월 08, 2020 02:20:31.32 [0608/022031.322:ERROR:crash_report_database_win.cc(469)] failed to stat report
6월 08, 2020 02:22:27.15 [0608/022227.149:ERROR:crash_report_database_win.cc(469)] failed to stat report
6월 08, 2020 02:28:39.44 [0608/022839.440:ERROR:crash_report_database_win.cc(469)] failed to stat report
6월 08, 2020 02:30:06.18 [0608/023006.183:ERROR:crash_report_database_win.cc(469)] failed to stat report
6월 08, 2020 02:33:07.63 [0608/023307.639:ERROR:crash_report_database_win.cc(469)] failed to stat report
6월 08, 2020 02:40:06.18 [0608/024006.187:ERROR:crash_report_database_win.cc(469)] failed to stat report
6월 08, 2020 02:40:06.18 [0608/024006.187:ERROR:crash_report_database_win.cc(469)] failed to stat report
6월 08, 2020 02:45:06.18 [0608/024506.183:ERROR:crash_report_database_win.cc(469)] failed to stat report
6월 08, 2020 02:45:42.57 [0608/024542.574:ERROR:crash_report_database_win.cc(469)] failed to stat report
6월 08, 2020 02:46:05.77 [0608/024605.773:ERROR:crash_report_database_win.cc(469)] failed to stat report
6월 08, 2020 02:47:43.96 [0608/024743.962:ERROR:crash_report_database_win.cc(469)] failed to stat report
6월 08, 2020 03:00:06.18 [0608/030006.184:ERROR:crash_report_database_win.cc(469)] failed to stat report
6월 08, 2020 03:01:15.52 [0608/030115.521:ERROR:crash_report_database_win.cc(469)] failed to stat report
6월 08, 2020 03:15:06.18 [0608/031506.185:ERROR:crash_report_database_win.cc(469)] failed to stat report
6월 08, 2020 03:17:10.06 [0608/031710.067:ERROR:crash_report_database_win.cc(469)] failed to stat report
6월 08, 2020 03:19:14.45 [0608/031914.455:ERROR:crash_report_database_win.cc(469)] failed to stat report
6월 08, 2020 03:30:06.18 [0608/033006.185:ERROR:crash_report_database_win.cc(469)] failed to stat report
6월 08, 2020 03:31:36.22 [0608/033136.225:ERROR:crash_report_database_win.cc(469)] failed to stat report
6월 08, 2020 03:50:18.48 [0608/035018.481:ERROR:crash_report_database_win.cc(469)] failed to stat report
6월 08, 2020 04:00:18.48 [0608/040018.481:ERROR:crash_report_database_win.cc(469)] failed to stat report
6월 08, 2020 04:00:18.48 [0608/040018.481:ERROR:crash_report_database_win.cc(469)] failed to stat report
6월 08, 2020 04:05:18.48 [0608/040518.481:ERROR:crash_report_database_win.cc(469)] failed to stat report
6월 08, 2020 04:08:42.50 [0608/040842.502:ERROR:crash_report_database_win.cc(469)] failed to stat report
6월 08, 2020 04:08:42.73 [10428:23272:0608/040842.737:ERROR:cache_util_win.cc(21)] Unable to move the cache: 액세스가 거부되었습니다. (0x5)
6월 08, 2020 04:08:42.73 [10428:23272:0608/040842.737:ERROR:cache_util.cc(139)] Unable to move cache folder C:\Users\tj526\AppData\Local\Google\Chrome\User Data\ShaderCache\GPUCache to C:\Users\tj526\AppData\Local\Google\Chrome\User Data\ShaderCache\old_GPUCache_000
6월 08, 2020 04:08:42.73 [10428:23272:0608/040842.737:ERROR:disk_cache.cc(184)] Unable to create cache
6월 08, 2020 04:08:42.73 [10428:23272:0608/040842.737:ERROR:shader_disk_cache.cc(606)] Shader Cache Creation failed: -2
6월 08, 2020 04:08:43.04 기존 브라우저 세션에서 여는 중입니다.
6월 08, 2020 04:10:02.31 [0608/041002.318:ERROR:crash_report_database_win.cc(469)] failed to stat report
